
> trueflow-landing@1.0.0 build /Users/griffinrutherford/Documents/TrueFlow AI MVP/apps/landing
> next build

   ▲ Next.js 14.1.4

   Creating an optimized production build ...
 ✓ Compiled successfully
   Linting and checking validity of types ...
 ⨯ ESLint: Failed to load config "@typescript-eslint/recommended" to extend from. Referenced from: /Users/griffinrutherford/Documents/TrueFlow AI MVP/.eslintrc.js
   Collecting page data ...
   Generating static pages (0/9) ...
 ⚠ Unsupported metadata viewport is configured in metadata export in /get-started. Please move it to viewport export instead.
Read more: https://nextjs.org/docs/app/api-reference/functions/generate-viewport
 ⚠ Unsupported metadata viewport is configured in metadata export in /get-started. Please move it to viewport export instead.
Read more: https://nextjs.org/docs/app/api-reference/functions/generate-viewport
 ⚠ Unsupported metadata viewport is configured in metadata export in /_not-found. Please move it to viewport export instead.
Read more: https://nextjs.org/docs/app/api-reference/functions/generate-viewport
 ⚠ Unsupported metadata viewport is configured in metadata export in /_not-found. Please move it to viewport export instead.
Read more: https://nextjs.org/docs/app/api-reference/functions/generate-viewport
 ⚠ Unsupported metadata viewport is configured in metadata export in /coming-soon. Please move it to viewport export instead.
Read more: https://nextjs.org/docs/app/api-reference/functions/generate-viewport
 ⚠ Unsupported metadata viewport is configured in metadata export in /coming-soon. Please move it to viewport export instead.
Read more: https://nextjs.org/docs/app/api-reference/functions/generate-viewport
 ⚠ Unsupported metadata viewport is configured in metadata export in /faq. Please move it to viewport export instead.
Read more: https://nextjs.org/docs/app/api-reference/functions/generate-viewport
 ⚠ Unsupported metadata viewport is configured in metadata export in /faq. Please move it to viewport export instead.
Read more: https://nextjs.org/docs/app/api-reference/functions/generate-viewport
 ⚠ Unsupported metadata viewport is configured in metadata export in /content-engine. Please move it to viewport export instead.
Read more: https://nextjs.org/docs/app/api-reference/functions/generate-viewport
 ⚠ Unsupported metadata viewport is configured in metadata export in /content-engine. Please move it to viewport export instead.
Read more: https://nextjs.org/docs/app/api-reference/functions/generate-viewport
 ⚠ Unsupported metadata viewport is configured in metadata export in /. Please move it to viewport export instead.
Read more: https://nextjs.org/docs/app/api-reference/functions/generate-viewport
 ⚠ Unsupported metadata viewport is configured in metadata export in /. Please move it to viewport export instead.
Read more: https://nextjs.org/docs/app/api-reference/functions/generate-viewport
   Generating static pages (2/9) 
   Generating static pages (4/9) 
   Generating static pages (6/9) 
 ✓ Generating static pages (9/9) 
   Finalizing page optimization ...
   Collecting build traces ...

Route (app)                              Size     First Load JS
┌ ○ /                                    16.6 kB         113 kB
├ ○ /_not-found                          885 B          85.3 kB
├ λ /api/lead-notification               0 B                0 B
├ ○ /coming-soon                         3.91 kB         103 kB
├ ○ /content-engine                      12.3 kB         112 kB
├ ○ /faq                                 8.99 kB         108 kB
└ ○ /get-started                         7.08 kB         106 kB
+ First Load JS shared by all            84.4 kB
  ├ chunks/700-19acc78cdaf8e5df.js       29.1 kB
  ├ chunks/db43e402-5db7161a2e12c04c.js  53.4 kB
  └ other shared chunks (total)          1.92 kB


○  (Static)   prerendered as static content
λ  (Dynamic)  server-rendered on demand using Node.js

